<?xml version="1.0" encoding="UTF-8"?>
<testsuite xmlns:xsi="http://www.w3.org/2001/XMLSchema-instance" xsi:noNamespaceSchemaLocation="https://maven.apache.org/surefire/maven-surefire-plugin/xsd/surefire-test-report.xsd" version="3.0.2" name="com.spring.telina.controller.CalculatorControllerTest" time="5.327" tests="7" errors="0" skipped="0" failures="0">
  <properties>
[...]
</properties>
  <testcase name="testDivideByZero" classname="com.spring.telina.controller.CalculatorControllerTest" time="1.683">
    <system-out><![CDATA[09:35:37.629 [main] INFO org.springframework.test.context.support.AnnotationConfigContextLoaderUtils -- Could not detect default configuration classes for test class [com.spring.telina.controller.CalculatorControllerTest]: CalculatorControllerTest does not declare any static, non-private, non-final, nested classes annotated with @Configuration.
09:35:37.871 [main] INFO org.springframework.boot.test.context.SpringBootTestContextBootstrapper -- Found @SpringBootConfiguration com.spring.telina.TelinaApplication for test class com.spring.telina.controller.CalculatorControllerTest

  .   ____          _            __ _ _
 /\\ / ___'_ __ _ _(_)_ __  __ _ \ \ \ \
( ( )\___ | '_ | '_| | '_ \/ _` | \ \ \ \
 \\/  ___)| |_)| | | | | || (_| |  ) ) ) )
  '  |____| .__|_| |_|_| |_\__, | / / / /
 =========|_|==============|___/=/_/_/_/

 :: Spring Boot ::                (v3.4.5)

2026-05-29T09:35:38.701+03:00  INFO 14904 --- [telina] [           main] c.s.t.c.CalculatorControllerTest         : Starting CalculatorControllerTest using Java 25.0.2 with PID 14904 (started by ASUS in E:\TELINA\k2\arith-k2-prog4)
2026-05-29T09:35:38.703+03:00  INFO 14904 --- [telina] [           main] c.s.t.c.CalculatorControllerTest         : No active profile set, falling back to 1 default profile: "default"
2026-05-29T09:35:40.881+03:00  INFO 14904 --- [telina] [           main] o.s.b.t.m.w.SpringBootMockServletContext : Initializing Spring TestDispatcherServlet ''
2026-05-29T09:35:40.882+03:00  INFO 14904 --- [telina] [           main] o.s.t.web.servlet.TestDispatcherServlet  : Initializing Servlet ''
2026-05-29T09:35:40.884+03:00  INFO 14904 --- [telina] [           main] o.s.t.web.servlet.TestDispatcherServlet  : Completed initialization in 1 ms
2026-05-29T09:35:40.929+03:00  INFO 14904 --- [telina] [           main] c.s.t.c.CalculatorControllerTest         : Started CalculatorControllerTest in 2.802 seconds (process running for 4.376)
]]></system-out>
    <system-err><![CDATA[Mockito is currently self-attaching to enable the inline-mock-maker. This will no longer work in future releases of the JDK. Please add Mockito as an agent to your build what is described in Mockito's documentation: https://javadoc.io/doc/org.mockito/mockito-core/latest/org/mockito/Mockito.html#0.3
WARNING: A Java agent has been loaded dynamically (C:\Users\ASUS\.m2\repository\net\bytebuddy\byte-buddy-agent\1.15.11\byte-buddy-agent-1.15.11.jar)
WARNING: If a serviceability tool is in use, please run with -XX:+EnableDynamicAgentLoading to hide this warning
WARNING: If a serviceability tool is not in use, please run with -Djdk.instrument.traceUsage for more information
WARNING: Dynamic loading of agents will be disallowed by default in a future release
]]></system-err>
  </testcase>
  <testcase name="testAdd" classname="com.spring.telina.controller.CalculatorControllerTest" time="0.021"/>
  <testcase name="testSubtract" classname="com.spring.telina.controller.CalculatorControllerTest" time="0.011"/>
  <testcase name="testGetDivideByZero" classname="com.spring.telina.controller.CalculatorControllerTest" time="0.016"/>
  <testcase name="testDivide" classname="com.spring.telina.controller.CalculatorControllerTest" time="0.01"/>
  <testcase name="testMultiply" classname="com.spring.telina.controller.CalculatorControllerTest" time="0.011"/>
  <testcase name="testGetAdd" classname="com.spring.telina.controller.CalculatorControllerTest" time="0.008"/>
</testsuite>